[debug] [2020-07-19T23:28:17.786Z] ----------------------------------------------------------------------
[debug] [2020-07-19T23:28:17.788Z] Command:       /Users/jonomatusky/.nvm/versions/node/v11.12.0/bin/node /Users/jonomatusky/.nvm/versions/node/v11.12.0/bin/firebase deploy --only hosting:plynth-demo
[debug] [2020-07-19T23:28:17.789Z] CLI Version:   8.4.3
[debug] [2020-07-19T23:28:17.789Z] Platform:      darwin
[debug] [2020-07-19T23:28:17.789Z] Node Version:  v11.12.0
[debug] [2020-07-19T23:28:17.790Z] Time:          Sun Jul 19 2020 19:28:17 GMT-0400 (Eastern Daylight Time)
[debug] [2020-07-19T23:28:17.790Z] ----------------------------------------------------------------------
[debug] [2020-07-19T23:28:17.790Z] 
[debug] [2020-07-19T23:28:17.809Z] > command requires scopes: ["email","openid","https://www.googleapis.com/auth/cloudplatformprojects.readonly","https://www.googleapis.com/auth/firebase","https://www.googleapis.com/auth/cloud-platform"]
[debug] [2020-07-19T23:28:17.810Z] > authorizing via signed-in user
[debug] [2020-07-19T23:28:17.810Z] [iam] checking project plynth-2020 for permissions ["firebase.projects.get","firebasehosting.sites.update"]
[debug] [2020-07-19T23:28:17.812Z] > refreshing access token with scopes: ["email","https://www.googleapis.com/auth/cloud-platform","https://www.googleapis.com/auth/cloudplatformprojects.readonly","https://www.googleapis.com/auth/firebase","openid"]
[debug] [2020-07-19T23:28:17.813Z] >>> HTTP REQUEST POST https://www.googleapis.com/oauth2/v3/token  
 <request body omitted>
[debug] [2020-07-19T23:28:18.070Z] <<< HTTP RESPONSE 200 {"content-type":"application/json; charset=utf-8","vary":"X-Origin, Referer, Origin,Accept-Encoding","date":"Sun, 19 Jul 2020 23:28:18 GMT","server":"scaffolding on HTTPServer2","cache-control":"private","x-xss-protection":"0","x-frame-options":"SAMEORIGIN","x-content-type-options":"nosniff","alt-svc":"h3-29=\":443\"; ma=2592000,h3-27=\":443\"; ma=2592000,h3-25=\":443\"; ma=2592000,h3-T050=\":443\"; ma=2592000,h3-Q050=\":443\"; ma=2592000,h3-Q046=\":443\"; ma=2592000,h3-Q043=\":443\"; ma=2592000,quic=\":443\"; ma=2592000; v=\"46,43\"","accept-ranges":"none","transfer-encoding":"chunked"}
[debug] [2020-07-19T23:28:18.088Z] >>> HTTP REQUEST POST https://cloudresourcemanager.googleapis.com/v1/projects/plynth-2020:testIamPermissions  
 {"permissions":["firebase.projects.get","firebasehosting.sites.update"]}
[debug] [2020-07-19T23:28:18.494Z] <<< HTTP RESPONSE 200 {"content-type":"application/json; charset=UTF-8","vary":"X-Origin, Referer, Origin,Accept-Encoding","date":"Sun, 19 Jul 2020 23:28:18 GMT","server":"ESF","cache-control":"private","x-xss-protection":"0","x-frame-options":"SAMEORIGIN","x-content-type-options":"nosniff","server-timing":"gfet4t7; dur=215","alt-svc":"h3-29=\":443\"; ma=2592000,h3-27=\":443\"; ma=2592000,h3-25=\":443\"; ma=2592000,h3-T050=\":443\"; ma=2592000,h3-Q050=\":443\"; ma=2592000,h3-Q046=\":443\"; ma=2592000,h3-Q043=\":443\"; ma=2592000,quic=\":443\"; ma=2592000; v=\"46,43\"","accept-ranges":"none","transfer-encoding":"chunked"}
[debug] [2020-07-19T23:28:18.497Z] >>> HTTP REQUEST GET https://firebase.googleapis.com/v1beta1/projects/plynth-2020  
 
[debug] [2020-07-19T23:28:18.802Z] <<< HTTP RESPONSE 200 {"content-type":"application/json; charset=UTF-8","vary":"X-Origin, Referer, Origin,Accept-Encoding","date":"Sun, 19 Jul 2020 23:28:18 GMT","server":"ESF","cache-control":"private","x-xss-protection":"0","x-frame-options":"SAMEORIGIN","x-content-type-options":"nosniff","alt-svc":"h3-29=\":443\"; ma=2592000,h3-27=\":443\"; ma=2592000,h3-25=\":443\"; ma=2592000,h3-T050=\":443\"; ma=2592000,h3-Q050=\":443\"; ma=2592000,h3-Q046=\":443\"; ma=2592000,h3-Q043=\":443\"; ma=2592000,quic=\":443\"; ma=2592000; v=\"46,43\"","accept-ranges":"none","transfer-encoding":"chunked"}
[info] 
[info] === Deploying to 'plynth-2020'...
[info] 
[info] i  deploying hosting 
[info] 
[info] ✔  Deploy complete! 
[info] 
[info] Project Console: https://console.firebase.google.com/project/plynth-2020/overview
[debug] [2020-07-19T23:28:18.959Z] TypeError: Cannot read property 'deploys' of undefined
    at /Users/jonomatusky/.nvm/versions/node/v11.12.0/lib/node_modules/firebase-tools/lib/deploy/index.js:84:36
    at processTicksAndRejections (internal/process/next_tick.js:81:5)
[error] 
[error] Error: An unexpected error has occurred.
[debug] [2020-07-19T23:48:24.771Z] ----------------------------------------------------------------------
[debug] [2020-07-19T23:48:24.774Z] Command:       /Users/jonomatusky/.nvm/versions/node/v11.12.0/bin/node /Users/jonomatusky/.nvm/versions/node/v11.12.0/bin/firebase deploy --only hosting:plynth-demo
[debug] [2020-07-19T23:48:24.774Z] CLI Version:   8.4.3
[debug] [2020-07-19T23:48:24.774Z] Platform:      darwin
[debug] [2020-07-19T23:48:24.775Z] Node Version:  v11.12.0
[debug] [2020-07-19T23:48:24.776Z] Time:          Sun Jul 19 2020 19:48:24 GMT-0400 (Eastern Daylight Time)
[debug] [2020-07-19T23:48:24.776Z] ----------------------------------------------------------------------
[debug] [2020-07-19T23:48:24.776Z] 
[debug] [2020-07-19T23:48:24.795Z] > command requires scopes: ["email","openid","https://www.googleapis.com/auth/cloudplatformprojects.readonly","https://www.googleapis.com/auth/firebase","https://www.googleapis.com/auth/cloud-platform"]
[debug] [2020-07-19T23:48:24.796Z] > authorizing via signed-in user
[debug] [2020-07-19T23:48:24.796Z] [iam] checking project plynth-2020 for permissions ["firebase.projects.get","firebasehosting.sites.update"]
[debug] [2020-07-19T23:48:24.800Z] >>> HTTP REQUEST POST https://cloudresourcemanager.googleapis.com/v1/projects/plynth-2020:testIamPermissions  
 {"permissions":["firebase.projects.get","firebasehosting.sites.update"]}
[debug] [2020-07-19T23:48:25.556Z] <<< HTTP RESPONSE 200 {"content-type":"application/json; charset=UTF-8","vary":"X-Origin, Referer, Origin,Accept-Encoding","date":"Sun, 19 Jul 2020 23:48:25 GMT","server":"ESF","cache-control":"private","x-xss-protection":"0","x-frame-options":"SAMEORIGIN","x-content-type-options":"nosniff","server-timing":"gfet4t7; dur=196","alt-svc":"h3-29=\":443\"; ma=2592000,h3-27=\":443\"; ma=2592000,h3-25=\":443\"; ma=2592000,h3-T050=\":443\"; ma=2592000,h3-Q050=\":443\"; ma=2592000,h3-Q046=\":443\"; ma=2592000,h3-Q043=\":443\"; ma=2592000,quic=\":443\"; ma=2592000; v=\"46,43\"","accept-ranges":"none","transfer-encoding":"chunked"}
[debug] [2020-07-19T23:48:25.561Z] >>> HTTP REQUEST GET https://firebase.googleapis.com/v1beta1/projects/plynth-2020  
 
[debug] [2020-07-19T23:48:26.327Z] <<< HTTP RESPONSE 200 {"content-type":"application/json; charset=UTF-8","vary":"X-Origin, Referer, Origin,Accept-Encoding","date":"Sun, 19 Jul 2020 23:48:26 GMT","server":"ESF","cache-control":"private","x-xss-protection":"0","x-frame-options":"SAMEORIGIN","x-content-type-options":"nosniff","alt-svc":"h3-29=\":443\"; ma=2592000,h3-27=\":443\"; ma=2592000,h3-25=\":443\"; ma=2592000,h3-T050=\":443\"; ma=2592000,h3-Q050=\":443\"; ma=2592000,h3-Q046=\":443\"; ma=2592000,h3-Q043=\":443\"; ma=2592000,quic=\":443\"; ma=2592000; v=\"46,43\"","accept-ranges":"none","transfer-encoding":"chunked"}
[info] 
[info] === Deploying to 'plynth-2020'...
[info] 
[info] i  deploying hosting 
[info] 
[info] ✔  Deploy complete! 
[info] 
[info] Project Console: https://console.firebase.google.com/project/plynth-2020/overview
[debug] [2020-07-19T23:48:26.812Z] TypeError: Cannot read property 'deploys' of undefined
    at /Users/jonomatusky/.nvm/versions/node/v11.12.0/lib/node_modules/firebase-tools/lib/deploy/index.js:84:36
    at processTicksAndRejections (internal/process/next_tick.js:81:5)
[error] 
[error] Error: An unexpected error has occurred.
